<!DOCTYPE html PUBLIC "-//W3C//DTD XHTML 1.1//EN" "https://www.w3.org/TR/xhtml11/DTD/xhtml11.dtd">
<html xmlns="https://www.w3.org/1999/xhtml">
<head>
<meta http-equiv="content-type" content="text/html; charset=UTF-8"/>
<title>TestNG Report</title>
<style type="text/css">table {margin-bottom:10px;border-collapse:collapse;empty-cells:show}th,td {border:1px solid #009;padding:.25em .5em}th {vertical-align:bottom}td {vertical-align:top}table a {font-weight:bold}.stripe td {background-color: #E6EBF9}.num {text-align:right}.passedodd td {background-color: #3F3}.passedeven td {background-color: #0A0}.skippedodd td {background-color: #DDD}.skippedeven td {background-color: #CCC}.failedodd td,.attn {background-color: #F33}.failedeven td,.stripe .attn {background-color: #D00}.stacktrace {white-space:pre;font-family:monospace}.totop {font-size:85%;text-align:center;border-bottom:2px solid #000}.invisible {display:none}</style>
</head>
<body>
<table>
<tr><th>Test</th><th># Passed</th><th># Skipped</th><th># Retried</th><th># Failed</th><th>Time (ms)</th><th>Included Groups</th><th>Excluded Groups</th></tr>
<tr><th colspan="8">Suite</th></tr>
<tr><td><a href="#t0">Test</a></td><td class="num">6</td><td class="num">0</td><td class="num">0</td><td class="num attn">18</td><td class="num">20,068</td><td></td><td></td></tr>
</table>
<table id='summary'><thead><tr><th>Class</th><th>Method</th><th>Start</th><th>Time (ms)</th></tr></thead><tbody><tr><th colspan="4">Suite</th></tr></tbody><tbody id="t0"><tr><th colspan="4">Test &#8212; failed</th></tr><tr class="failedeven"><td rowspan="3">ui.ChromeA</td><td><a href="#m0">Test</a></td><td rowspan="1">1697047088457</td><td rowspan="1">3205</td></tr><tr class="failedeven"><td><a href="#m1">closeDriverFunc</a></td><td rowspan="1">1697047088456</td><td rowspan="1">0</td></tr><tr class="failedeven"><td><a href="#m2">instantiationFunc</a></td><td rowspan="1">1697047084227</td><td rowspan="1">4224</td></tr><tr class="failedodd"><td rowspan="3">ui.ChromeB</td><td><a href="#m3">Test</a></td><td rowspan="1">1697047094789</td><td rowspan="1">3098</td></tr><tr class="failedodd"><td><a href="#m4">closeDriverFunc</a></td><td rowspan="1">1697047094787</td><td rowspan="1">1</td></tr><tr class="failedodd"><td><a href="#m5">instantiationFunc</a></td><td rowspan="1">1697047091665</td><td rowspan="1">3120</td></tr><tr class="failedeven"><td rowspan="3">ui.ChromeC</td><td><a href="#m6">Test</a></td><td rowspan="1">1697047100989</td><td rowspan="1">3106</td></tr><tr class="failedeven"><td><a href="#m7">closeDriverFunc</a></td><td rowspan="1">1697047100987</td><td rowspan="1">1</td></tr><tr class="failedeven"><td><a href="#m8">instantiationFunc</a></td><td rowspan="1">1697047097889</td><td rowspan="1">3096</td></tr><tr class="failedodd"><td rowspan="3">ui.FirefoxA</td><td><a href="#m9">Test</a></td><td rowspan="1">1697047084154</td><td rowspan="1">12</td></tr><tr class="failedodd"><td><a href="#m10">closeDriverFunc</a></td><td rowspan="1">1697047084153</td><td rowspan="1">0</td></tr><tr class="failedodd"><td><a href="#m11">instantiationFunc</a></td><td rowspan="1">1697047084063</td><td rowspan="1">84</td></tr><tr class="failedeven"><td rowspan="3">ui.FirefoxB</td><td><a href="#m12">Test</a></td><td rowspan="1">1697047084184</td><td rowspan="1">12</td></tr><tr class="failedeven"><td><a href="#m13">closeDriverFunc</a></td><td rowspan="1">1697047084182</td><td rowspan="1">1</td></tr><tr class="failedeven"><td><a href="#m14">instantiationFunc</a></td><td rowspan="1">1697047084168</td><td rowspan="1">11</td></tr><tr class="failedodd"><td rowspan="3">ui.FirefoxC</td><td><a href="#m15">Test</a></td><td rowspan="1">1697047084214</td><td rowspan="1">11</td></tr><tr class="failedodd"><td><a href="#m16">closeDriverFunc</a></td><td rowspan="1">1697047084212</td><td rowspan="1">1</td></tr><tr class="failedodd"><td><a href="#m17">instantiationFunc</a></td><td rowspan="1">1697047084197</td><td rowspan="1">12</td></tr><tr><th colspan="4">Test &#8212; passed</th></tr><tr class="passedeven"><td rowspan="1">ui.ChromeA</td><td><a href="#m18">printSomethingFunc</a></td><td rowspan="1">1697047088454</td><td rowspan="1">1</td></tr><tr class="passedodd"><td rowspan="1">ui.ChromeB</td><td><a href="#m19">printSomethingFunc</a></td><td rowspan="1">1697047094786</td><td rowspan="1">1</td></tr><tr class="passedeven"><td rowspan="1">ui.ChromeC</td><td><a href="#m20">printSomethingFunc</a></td><td rowspan="1">1697047100986</td><td rowspan="1">1</td></tr><tr class="passedodd"><td rowspan="1">ui.FirefoxA</td><td><a href="#m21">printSomethingFunc</a></td><td rowspan="1">1697047084151</td><td rowspan="1">1</td></tr><tr class="passedeven"><td rowspan="1">ui.FirefoxB</td><td><a href="#m22">printSomethingFunc</a></td><td rowspan="1">1697047084181</td><td rowspan="1">0</td></tr><tr class="passedodd"><td rowspan="1">ui.FirefoxC</td><td><a href="#m23">printSomethingFunc</a></td><td rowspan="1">1697047084211</td><td rowspan="1">1</td></tr></tbody>
</table>
<h2>Test</h2><h3 id="m0">ui.ChromeA#Test</h3><table class="result"><tr><th>Exception</th></tr><tr><td><div class="stacktrace">org.openqa.selenium.SessionNotCreatedException: session not created: This version of ChromeDriver only supports Chrome version 92
Current browser version is 117.0.5938.150 with binary path C:\Program Files (x86)\Google\Chrome\Application\chrome.exe
Build info: version: &apos;3.12.0&apos;, revision: &apos;7c6e0b3&apos;, time: &apos;2018-05-08T14:04:26.12Z&apos;
System info: host: &apos;LAPTOP-EGSJSVC8&apos;, ip: &apos;192.168.29.242&apos;, os.name: &apos;Windows 10&apos;, os.arch: &apos;amd64&apos;, os.version: &apos;10.0&apos;, java.version: &apos;1.8.0_251&apos;
Driver info: driver.version: ChromeDriver
remote stacktrace: Backtrace:
	Ordinal0 [0x00462A33+2501171]
	Ordinal0 [0x003FD1C1+2085313]
	Ordinal0 [0x00301FA8+1056680]
	Ordinal0 [0x0032020A+1180170]
	Ordinal0 [0x0031C125+1163557]
	Ordinal0 [0x0031997F+1153407]
	Ordinal0 [0x0034999F+1350047]
	Ordinal0 [0x0034960A+1349130]
	Ordinal0 [0x0034551B+1332507]
	Ordinal0 [0x00321D74+1187188]
	Ordinal0 [0x00322BD9+1190873]
	GetHandleVerifier [0x005DEFE6+1504438]
	GetHandleVerifier [0x0068DDA5+2220661]
	GetHandleVerifier [0x004E5589+481881]
	GetHandleVerifier [0x004E4639+477961]
	Ordinal0 [0x004028BD+2107581]
	Ordinal0 [0x00406728+2123560]
	Ordinal0 [0x00406862+2123874]
	Ordinal0 [0x0040FA81+2161281]
	BaseThreadInitThunk [0x75ABFCC9+25]
	RtlGetAppContainerNamedObjectPath [0x774F7B1E+286]
	RtlGetAppContainerNamedObjectPath [0x774F7AEE+238]

	at org.openqa.selenium.remote.W3CHandshakeResponse.lambda$new$0(W3CHandshakeResponse.java:57)
	at org.openqa.selenium.remote.W3CHandshakeResponse.lambda$getResponseFunction$2(W3CHandshakeResponse.java:104)
	at org.openqa.selenium.remote.ProtocolHandshake.lambda$createSession$0(ProtocolHandshake.java:123)
	at java.util.stream.ReferencePipeline$3$1.accept(Unknown Source)
	at java.util.Spliterators$ArraySpliterator.tryAdvance(Unknown Source)
	at java.util.stream.ReferencePipeline.forEachWithCancel(Unknown Source)
	at java.util.stream.AbstractPipeline.copyIntoWithCancel(Unknown Source)
	at java.util.stream.AbstractPipeline.copyInto(Unknown Source)
	at java.util.stream.AbstractPipeline.wrapAndCopyInto(Unknown Source)
	at java.util.stream.FindOps$FindOp.evaluateSequential(Unknown Source)
	at java.util.stream.AbstractPipeline.evaluate(Unknown Source)
	at java.util.stream.ReferencePipeline.findFirst(Unknown Source)
	at org.openqa.selenium.remote.ProtocolHandshake.createSession(ProtocolHandshake.java:126)
	at org.openqa.selenium.remote.ProtocolHandshake.createSession(ProtocolHandshake.java:73)
	at org.openqa.selenium.remote.HttpCommandExecutor.execute(HttpCommandExecutor.java:136)
	at org.openqa.selenium.remote.service.DriverCommandExecutor.execute(DriverCommandExecutor.java:83)
	at org.openqa.selenium.remote.RemoteWebDriver.execute(RemoteWebDriver.java:543)
	at org.openqa.selenium.remote.RemoteWebDriver.startSession(RemoteWebDriver.java:207)
	at org.openqa.selenium.remote.RemoteWebDriver.&lt;init&gt;(RemoteWebDriver.java:130)
	at org.openqa.selenium.chrome.ChromeDriver.&lt;init&gt;(ChromeDriver.java:181)
	at org.openqa.selenium.chrome.ChromeDriver.&lt;init&gt;(ChromeDriver.java:168)
	at org.openqa.selenium.chrome.ChromeDriver.&lt;init&gt;(ChromeDriver.java:123)
	at ui.ChromeA.instantiationFunc(ChromeA.java:16)
	at ui.ChromeA.Test(ChromeA.java:40)
	at java.util.ArrayList.forEach(Unknown Source)
... Removed 31 stack frames</div></td></tr></table><p class="totop"><a href="#summary">back to summary</a></p>
<h3 id="m1">ui.ChromeA#closeDriverFunc</h3><table class="result"><tr><th>Exception</th></tr><tr><td><div class="stacktrace">java.lang.NullPointerException
	at ui.ChromeA.closeDriverFunc(ChromeA.java:34)
	at java.util.ArrayList.forEach(Unknown Source)
... Removed 27 stack frames</div></td></tr></table><p class="totop"><a href="#summary">back to summary</a></p>
<h3 id="m2">ui.ChromeA#instantiationFunc</h3><table class="result"><tr><th>Exception</th></tr><tr><td><div class="stacktrace">org.openqa.selenium.SessionNotCreatedException: session not created: This version of ChromeDriver only supports Chrome version 92
Current browser version is 117.0.5938.150 with binary path C:\Program Files (x86)\Google\Chrome\Application\chrome.exe
Build info: version: &apos;3.12.0&apos;, revision: &apos;7c6e0b3&apos;, time: &apos;2018-05-08T14:04:26.12Z&apos;
System info: host: &apos;LAPTOP-EGSJSVC8&apos;, ip: &apos;192.168.29.242&apos;, os.name: &apos;Windows 10&apos;, os.arch: &apos;amd64&apos;, os.version: &apos;10.0&apos;, java.version: &apos;1.8.0_251&apos;
Driver info: driver.version: ChromeDriver
remote stacktrace: Backtrace:
	Ordinal0 [0x00462A33+2501171]
	Ordinal0 [0x003FD1C1+2085313]
	Ordinal0 [0x00301FA8+1056680]
	Ordinal0 [0x0032020A+1180170]
	Ordinal0 [0x0031C125+1163557]
	Ordinal0 [0x0031997F+1153407]
	Ordinal0 [0x0034999F+1350047]
	Ordinal0 [0x0034960A+1349130]
	Ordinal0 [0x0034551B+1332507]
	Ordinal0 [0x00321D74+1187188]
	Ordinal0 [0x00322BD9+1190873]
	GetHandleVerifier [0x005DEFE6+1504438]
	GetHandleVerifier [0x0068DDA5+2220661]
	GetHandleVerifier [0x004E5589+481881]
	GetHandleVerifier [0x004E4639+477961]
	Ordinal0 [0x004028BD+2107581]
	Ordinal0 [0x00406728+2123560]
	Ordinal0 [0x00406862+2123874]
	Ordinal0 [0x0040FA81+2161281]
	BaseThreadInitThunk [0x75ABFCC9+25]
	RtlGetAppContainerNamedObjectPath [0x774F7B1E+286]
	RtlGetAppContainerNamedObjectPath [0x774F7AEE+238]

	at org.openqa.selenium.remote.W3CHandshakeResponse.lambda$new$0(W3CHandshakeResponse.java:57)
	at org.openqa.selenium.remote.W3CHandshakeResponse.lambda$getResponseFunction$2(W3CHandshakeResponse.java:104)
	at org.openqa.selenium.remote.ProtocolHandshake.lambda$createSession$0(ProtocolHandshake.java:123)
	at java.util.stream.ReferencePipeline$3$1.accept(Unknown Source)
	at java.util.Spliterators$ArraySpliterator.tryAdvance(Unknown Source)
	at java.util.stream.ReferencePipeline.forEachWithCancel(Unknown Source)
	at java.util.stream.AbstractPipeline.copyIntoWithCancel(Unknown Source)
	at java.util.stream.AbstractPipeline.copyInto(Unknown Source)
	at java.util.stream.AbstractPipeline.wrapAndCopyInto(Unknown Source)
	at java.util.stream.FindOps$FindOp.evaluateSequential(Unknown Source)
	at java.util.stream.AbstractPipeline.evaluate(Unknown Source)
	at java.util.stream.ReferencePipeline.findFirst(Unknown Source)
	at org.openqa.selenium.remote.ProtocolHandshake.createSession(ProtocolHandshake.java:126)
	at org.openqa.selenium.remote.ProtocolHandshake.createSession(ProtocolHandshake.java:73)
	at org.openqa.selenium.remote.HttpCommandExecutor.execute(HttpCommandExecutor.java:136)
	at org.openqa.selenium.remote.service.DriverCommandExecutor.execute(DriverCommandExecutor.java:83)
	at org.openqa.selenium.remote.RemoteWebDriver.execute(RemoteWebDriver.java:543)
	at org.openqa.selenium.remote.RemoteWebDriver.startSession(RemoteWebDriver.java:207)
	at org.openqa.selenium.remote.RemoteWebDriver.&lt;init&gt;(RemoteWebDriver.java:130)
	at org.openqa.selenium.chrome.ChromeDriver.&lt;init&gt;(ChromeDriver.java:181)
	at org.openqa.selenium.chrome.ChromeDriver.&lt;init&gt;(ChromeDriver.java:168)
	at org.openqa.selenium.chrome.ChromeDriver.&lt;init&gt;(ChromeDriver.java:123)
	at ui.ChromeA.instantiationFunc(ChromeA.java:16)
	at java.util.ArrayList.forEach(Unknown Source)
... Removed 31 stack frames</div></td></tr></table><p class="totop"><a href="#summary">back to summary</a></p>
<h3 id="m3">ui.ChromeB#Test</h3><table class="result"><tr><th>Exception</th></tr><tr><td><div class="stacktrace">org.openqa.selenium.SessionNotCreatedException: session not created: This version of ChromeDriver only supports Chrome version 92
Current browser version is 117.0.5938.150 with binary path C:\Program Files (x86)\Google\Chrome\Application\chrome.exe
Build info: version: &apos;3.12.0&apos;, revision: &apos;7c6e0b3&apos;, time: &apos;2018-05-08T14:04:26.12Z&apos;
System info: host: &apos;LAPTOP-EGSJSVC8&apos;, ip: &apos;192.168.29.242&apos;, os.name: &apos;Windows 10&apos;, os.arch: &apos;amd64&apos;, os.version: &apos;10.0&apos;, java.version: &apos;1.8.0_251&apos;
Driver info: driver.version: ChromeDriver
remote stacktrace: Backtrace:
	Ordinal0 [0x00462A33+2501171]
	Ordinal0 [0x003FD1C1+2085313]
	Ordinal0 [0x00301FA8+1056680]
	Ordinal0 [0x0032020A+1180170]
	Ordinal0 [0x0031C125+1163557]
	Ordinal0 [0x0031997F+1153407]
	Ordinal0 [0x0034999F+1350047]
	Ordinal0 [0x0034960A+1349130]
	Ordinal0 [0x0034551B+1332507]
	Ordinal0 [0x00321D74+1187188]
	Ordinal0 [0x00322BD9+1190873]
	GetHandleVerifier [0x005DEFE6+1504438]
	GetHandleVerifier [0x0068DDA5+2220661]
	GetHandleVerifier [0x004E5589+481881]
	GetHandleVerifier [0x004E4639+477961]
	Ordinal0 [0x004028BD+2107581]
	Ordinal0 [0x00406728+2123560]
	Ordinal0 [0x00406862+2123874]
	Ordinal0 [0x0040FA81+2161281]
	BaseThreadInitThunk [0x75ABFCC9+25]
	RtlGetAppContainerNamedObjectPath [0x774F7B1E+286]
	RtlGetAppContainerNamedObjectPath [0x774F7AEE+238]

	at org.openqa.selenium.remote.W3CHandshakeResponse.lambda$new$0(W3CHandshakeResponse.java:57)
	at org.openqa.selenium.remote.W3CHandshakeResponse.lambda$getResponseFunction$2(W3CHandshakeResponse.java:104)
	at org.openqa.selenium.remote.ProtocolHandshake.lambda$createSession$0(ProtocolHandshake.java:123)
	at java.util.stream.ReferencePipeline$3$1.accept(Unknown Source)
	at java.util.Spliterators$ArraySpliterator.tryAdvance(Unknown Source)
	at java.util.stream.ReferencePipeline.forEachWithCancel(Unknown Source)
	at java.util.stream.AbstractPipeline.copyIntoWithCancel(Unknown Source)
	at java.util.stream.AbstractPipeline.copyInto(Unknown Source)
	at java.util.stream.AbstractPipeline.wrapAndCopyInto(Unknown Source)
	at java.util.stream.FindOps$FindOp.evaluateSequential(Unknown Source)
	at java.util.stream.AbstractPipeline.evaluate(Unknown Source)
	at java.util.stream.ReferencePipeline.findFirst(Unknown Source)
	at org.openqa.selenium.remote.ProtocolHandshake.createSession(ProtocolHandshake.java:126)
	at org.openqa.selenium.remote.ProtocolHandshake.createSession(ProtocolHandshake.java:73)
	at org.openqa.selenium.remote.HttpCommandExecutor.execute(HttpCommandExecutor.java:136)
	at org.openqa.selenium.remote.service.DriverCommandExecutor.execute(DriverCommandExecutor.java:83)
	at org.openqa.selenium.remote.RemoteWebDriver.execute(RemoteWebDriver.java:543)
	at org.openqa.selenium.remote.RemoteWebDriver.startSession(RemoteWebDriver.java:207)
	at org.openqa.selenium.remote.RemoteWebDriver.&lt;init&gt;(RemoteWebDriver.java:130)
	at org.openqa.selenium.chrome.ChromeDriver.&lt;init&gt;(ChromeDriver.java:181)
	at org.openqa.selenium.chrome.ChromeDriver.&lt;init&gt;(ChromeDriver.java:168)
	at org.openqa.selenium.chrome.ChromeDriver.&lt;init&gt;(ChromeDriver.java:123)
	at ui.ChromeB.instantiationFunc(ChromeB.java:15)
	at ui.ChromeB.Test(ChromeB.java:39)
	at java.util.ArrayList.forEach(Unknown Source)
... Removed 31 stack frames</div></td></tr></table><p class="totop"><a href="#summary">back to summary</a></p>
<h3 id="m4">ui.ChromeB#closeDriverFunc</h3><table class="result"><tr><th>Exception</th></tr><tr><td><div class="stacktrace">java.lang.NullPointerException
	at ui.ChromeB.closeDriverFunc(ChromeB.java:33)
	at java.util.ArrayList.forEach(Unknown Source)
... Removed 27 stack frames</div></td></tr></table><p class="totop"><a href="#summary">back to summary</a></p>
<h3 id="m5">ui.ChromeB#instantiationFunc</h3><table class="result"><tr><th>Exception</th></tr><tr><td><div class="stacktrace">org.openqa.selenium.SessionNotCreatedException: session not created: This version of ChromeDriver only supports Chrome version 92
Current browser version is 117.0.5938.150 with binary path C:\Program Files (x86)\Google\Chrome\Application\chrome.exe
Build info: version: &apos;3.12.0&apos;, revision: &apos;7c6e0b3&apos;, time: &apos;2018-05-08T14:04:26.12Z&apos;
System info: host: &apos;LAPTOP-EGSJSVC8&apos;, ip: &apos;192.168.29.242&apos;, os.name: &apos;Windows 10&apos;, os.arch: &apos;amd64&apos;, os.version: &apos;10.0&apos;, java.version: &apos;1.8.0_251&apos;
Driver info: driver.version: ChromeDriver
remote stacktrace: Backtrace:
	Ordinal0 [0x00462A33+2501171]
	Ordinal0 [0x003FD1C1+2085313]
	Ordinal0 [0x00301FA8+1056680]
	Ordinal0 [0x0032020A+1180170]
	Ordinal0 [0x0031C125+1163557]
	Ordinal0 [0x0031997F+1153407]
	Ordinal0 [0x0034999F+1350047]
	Ordinal0 [0x0034960A+1349130]
	Ordinal0 [0x0034551B+1332507]
	Ordinal0 [0x00321D74+1187188]
	Ordinal0 [0x00322BD9+1190873]
	GetHandleVerifier [0x005DEFE6+1504438]
	GetHandleVerifier [0x0068DDA5+2220661]
	GetHandleVerifier [0x004E5589+481881]
	GetHandleVerifier [0x004E4639+477961]
	Ordinal0 [0x004028BD+2107581]
	Ordinal0 [0x00406728+2123560]
	Ordinal0 [0x00406862+2123874]
	Ordinal0 [0x0040FA81+2161281]
	BaseThreadInitThunk [0x75ABFCC9+25]
	RtlGetAppContainerNamedObjectPath [0x774F7B1E+286]
	RtlGetAppContainerNamedObjectPath [0x774F7AEE+238]

	at org.openqa.selenium.remote.W3CHandshakeResponse.lambda$new$0(W3CHandshakeResponse.java:57)
	at org.openqa.selenium.remote.W3CHandshakeResponse.lambda$getResponseFunction$2(W3CHandshakeResponse.java:104)
	at org.openqa.selenium.remote.ProtocolHandshake.lambda$createSession$0(ProtocolHandshake.java:123)
	at java.util.stream.ReferencePipeline$3$1.accept(Unknown Source)
	at java.util.Spliterators$ArraySpliterator.tryAdvance(Unknown Source)
	at java.util.stream.ReferencePipeline.forEachWithCancel(Unknown Source)
	at java.util.stream.AbstractPipeline.copyIntoWithCancel(Unknown Source)
	at java.util.stream.AbstractPipeline.copyInto(Unknown Source)
	at java.util.stream.AbstractPipeline.wrapAndCopyInto(Unknown Source)
	at java.util.stream.FindOps$FindOp.evaluateSequential(Unknown Source)
	at java.util.stream.AbstractPipeline.evaluate(Unknown Source)
	at java.util.stream.ReferencePipeline.findFirst(Unknown Source)
	at org.openqa.selenium.remote.ProtocolHandshake.createSession(ProtocolHandshake.java:126)
	at org.openqa.selenium.remote.ProtocolHandshake.createSession(ProtocolHandshake.java:73)
	at org.openqa.selenium.remote.HttpCommandExecutor.execute(HttpCommandExecutor.java:136)
	at org.openqa.selenium.remote.service.DriverCommandExecutor.execute(DriverCommandExecutor.java:83)
	at org.openqa.selenium.remote.RemoteWebDriver.execute(RemoteWebDriver.java:543)
	at org.openqa.selenium.remote.RemoteWebDriver.startSession(RemoteWebDriver.java:207)
	at org.openqa.selenium.remote.RemoteWebDriver.&lt;init&gt;(RemoteWebDriver.java:130)
	at org.openqa.selenium.chrome.ChromeDriver.&lt;init&gt;(ChromeDriver.java:181)
	at org.openqa.selenium.chrome.ChromeDriver.&lt;init&gt;(ChromeDriver.java:168)
	at org.openqa.selenium.chrome.ChromeDriver.&lt;init&gt;(ChromeDriver.java:123)
	at ui.ChromeB.instantiationFunc(ChromeB.java:15)
	at java.util.ArrayList.forEach(Unknown Source)
... Removed 31 stack frames</div></td></tr></table><p class="totop"><a href="#summary">back to summary</a></p>
<h3 id="m6">ui.ChromeC#Test</h3><table class="result"><tr><th>Exception</th></tr><tr><td><div class="stacktrace">org.openqa.selenium.SessionNotCreatedException: session not created: This version of ChromeDriver only supports Chrome version 92
Current browser version is 117.0.5938.150 with binary path C:\Program Files (x86)\Google\Chrome\Application\chrome.exe
Build info: version: &apos;3.12.0&apos;, revision: &apos;7c6e0b3&apos;, time: &apos;2018-05-08T14:04:26.12Z&apos;
System info: host: &apos;LAPTOP-EGSJSVC8&apos;, ip: &apos;192.168.29.242&apos;, os.name: &apos;Windows 10&apos;, os.arch: &apos;amd64&apos;, os.version: &apos;10.0&apos;, java.version: &apos;1.8.0_251&apos;
Driver info: driver.version: ChromeDriver
remote stacktrace: Backtrace:
	Ordinal0 [0x00462A33+2501171]
	Ordinal0 [0x003FD1C1+2085313]
	Ordinal0 [0x00301FA8+1056680]
	Ordinal0 [0x0032020A+1180170]
	Ordinal0 [0x0031C125+1163557]
	Ordinal0 [0x0031997F+1153407]
	Ordinal0 [0x0034999F+1350047]
	Ordinal0 [0x0034960A+1349130]
	Ordinal0 [0x0034551B+1332507]
	Ordinal0 [0x00321D74+1187188]
	Ordinal0 [0x00322BD9+1190873]
	GetHandleVerifier [0x005DEFE6+1504438]
	GetHandleVerifier [0x0068DDA5+2220661]
	GetHandleVerifier [0x004E5589+481881]
	GetHandleVerifier [0x004E4639+477961]
	Ordinal0 [0x004028BD+2107581]
	Ordinal0 [0x00406728+2123560]
	Ordinal0 [0x00406862+2123874]
	Ordinal0 [0x0040FA81+2161281]
	BaseThreadInitThunk [0x75ABFCC9+25]
	RtlGetAppContainerNamedObjectPath [0x774F7B1E+286]
	RtlGetAppContainerNamedObjectPath [0x774F7AEE+238]

	at org.openqa.selenium.remote.W3CHandshakeResponse.lambda$new$0(W3CHandshakeResponse.java:57)
	at org.openqa.selenium.remote.W3CHandshakeResponse.lambda$getResponseFunction$2(W3CHandshakeResponse.java:104)
	at org.openqa.selenium.remote.ProtocolHandshake.lambda$createSession$0(ProtocolHandshake.java:123)
	at java.util.stream.ReferencePipeline$3$1.accept(Unknown Source)
	at java.util.Spliterators$ArraySpliterator.tryAdvance(Unknown Source)
	at java.util.stream.ReferencePipeline.forEachWithCancel(Unknown Source)
	at java.util.stream.AbstractPipeline.copyIntoWithCancel(Unknown Source)
	at java.util.stream.AbstractPipeline.copyInto(Unknown Source)
	at java.util.stream.AbstractPipeline.wrapAndCopyInto(Unknown Source)
	at java.util.stream.FindOps$FindOp.evaluateSequential(Unknown Source)
	at java.util.stream.AbstractPipeline.evaluate(Unknown Source)
	at java.util.stream.ReferencePipeline.findFirst(Unknown Source)
	at org.openqa.selenium.remote.ProtocolHandshake.createSession(ProtocolHandshake.java:126)
	at org.openqa.selenium.remote.ProtocolHandshake.createSession(ProtocolHandshake.java:73)
	at org.openqa.selenium.remote.HttpCommandExecutor.execute(HttpCommandExecutor.java:136)
	at org.openqa.selenium.remote.service.DriverCommandExecutor.execute(DriverCommandExecutor.java:83)
	at org.openqa.selenium.remote.RemoteWebDriver.execute(RemoteWebDriver.java:543)
	at org.openqa.selenium.remote.RemoteWebDriver.startSession(RemoteWebDriver.java:207)
	at org.openqa.selenium.remote.RemoteWebDriver.&lt;init&gt;(RemoteWebDriver.java:130)
	at org.openqa.selenium.chrome.ChromeDriver.&lt;init&gt;(ChromeDriver.java:181)
	at org.openqa.selenium.chrome.ChromeDriver.&lt;init&gt;(ChromeDriver.java:168)
	at org.openqa.selenium.chrome.ChromeDriver.&lt;init&gt;(ChromeDriver.java:123)
	at ui.ChromeC.instantiationFunc(ChromeC.java:15)
	at ui.ChromeC.Test(ChromeC.java:39)
	at java.util.ArrayList.forEach(Unknown Source)
... Removed 31 stack frames</div></td></tr></table><p class="totop"><a href="#summary">back to summary</a></p>
<h3 id="m7">ui.ChromeC#closeDriverFunc</h3><table class="result"><tr><th>Exception</th></tr><tr><td><div class="stacktrace">java.lang.NullPointerException
	at ui.ChromeC.closeDriverFunc(ChromeC.java:33)
	at java.util.ArrayList.forEach(Unknown Source)
... Removed 27 stack frames</div></td></tr></table><p class="totop"><a href="#summary">back to summary</a></p>
<h3 id="m8">ui.ChromeC#instantiationFunc</h3><table class="result"><tr><th>Exception</th></tr><tr><td><div class="stacktrace">org.openqa.selenium.SessionNotCreatedException: session not created: This version of ChromeDriver only supports Chrome version 92
Current browser version is 117.0.5938.150 with binary path C:\Program Files (x86)\Google\Chrome\Application\chrome.exe
Build info: version: &apos;3.12.0&apos;, revision: &apos;7c6e0b3&apos;, time: &apos;2018-05-08T14:04:26.12Z&apos;
System info: host: &apos;LAPTOP-EGSJSVC8&apos;, ip: &apos;192.168.29.242&apos;, os.name: &apos;Windows 10&apos;, os.arch: &apos;amd64&apos;, os.version: &apos;10.0&apos;, java.version: &apos;1.8.0_251&apos;
Driver info: driver.version: ChromeDriver
remote stacktrace: Backtrace:
	Ordinal0 [0x00462A33+2501171]
	Ordinal0 [0x003FD1C1+2085313]
	Ordinal0 [0x00301FA8+1056680]
	Ordinal0 [0x0032020A+1180170]
	Ordinal0 [0x0031C125+1163557]
	Ordinal0 [0x0031997F+1153407]
	Ordinal0 [0x0034999F+1350047]
	Ordinal0 [0x0034960A+1349130]
	Ordinal0 [0x0034551B+1332507]
	Ordinal0 [0x00321D74+1187188]
	Ordinal0 [0x00322BD9+1190873]
	GetHandleVerifier [0x005DEFE6+1504438]
	GetHandleVerifier [0x0068DDA5+2220661]
	GetHandleVerifier [0x004E5589+481881]
	GetHandleVerifier [0x004E4639+477961]
	Ordinal0 [0x004028BD+2107581]
	Ordinal0 [0x00406728+2123560]
	Ordinal0 [0x00406862+2123874]
	Ordinal0 [0x0040FA81+2161281]
	BaseThreadInitThunk [0x75ABFCC9+25]
	RtlGetAppContainerNamedObjectPath [0x774F7B1E+286]
	RtlGetAppContainerNamedObjectPath [0x774F7AEE+238]

	at org.openqa.selenium.remote.W3CHandshakeResponse.lambda$new$0(W3CHandshakeResponse.java:57)
	at org.openqa.selenium.remote.W3CHandshakeResponse.lambda$getResponseFunction$2(W3CHandshakeResponse.java:104)
	at org.openqa.selenium.remote.ProtocolHandshake.lambda$createSession$0(ProtocolHandshake.java:123)
	at java.util.stream.ReferencePipeline$3$1.accept(Unknown Source)
	at java.util.Spliterators$ArraySpliterator.tryAdvance(Unknown Source)
	at java.util.stream.ReferencePipeline.forEachWithCancel(Unknown Source)
	at java.util.stream.AbstractPipeline.copyIntoWithCancel(Unknown Source)
	at java.util.stream.AbstractPipeline.copyInto(Unknown Source)
	at java.util.stream.AbstractPipeline.wrapAndCopyInto(Unknown Source)
	at java.util.stream.FindOps$FindOp.evaluateSequential(Unknown Source)
	at java.util.stream.AbstractPipeline.evaluate(Unknown Source)
	at java.util.stream.ReferencePipeline.findFirst(Unknown Source)
	at org.openqa.selenium.remote.ProtocolHandshake.createSession(ProtocolHandshake.java:126)
	at org.openqa.selenium.remote.ProtocolHandshake.createSession(ProtocolHandshake.java:73)
	at org.openqa.selenium.remote.HttpCommandExecutor.execute(HttpCommandExecutor.java:136)
	at org.openqa.selenium.remote.service.DriverCommandExecutor.execute(DriverCommandExecutor.java:83)
	at org.openqa.selenium.remote.RemoteWebDriver.execute(RemoteWebDriver.java:543)
	at org.openqa.selenium.remote.RemoteWebDriver.startSession(RemoteWebDriver.java:207)
	at org.openqa.selenium.remote.RemoteWebDriver.&lt;init&gt;(RemoteWebDriver.java:130)
	at org.openqa.selenium.chrome.ChromeDriver.&lt;init&gt;(ChromeDriver.java:181)
	at org.openqa.selenium.chrome.ChromeDriver.&lt;init&gt;(ChromeDriver.java:168)
	at org.openqa.selenium.chrome.ChromeDriver.&lt;init&gt;(ChromeDriver.java:123)
	at ui.ChromeC.instantiationFunc(ChromeC.java:15)
	at java.util.ArrayList.forEach(Unknown Source)
... Removed 31 stack frames</div></td></tr></table><p class="totop"><a href="#summary">back to summary</a></p>
<h3 id="m9">ui.FirefoxA#Test</h3><table class="result"><tr><th>Exception</th></tr><tr><td><div class="stacktrace">java.lang.IllegalStateException: The driver executable does not exist: D:\WindowDrive2\WindowCompanyData\Highradius_internship\BabbaTraining5\geckodriver-v0.21.0-win64\geckodriver.exe
	at com.google.common.base.Preconditions.checkState(Preconditions.java:585)
	at org.openqa.selenium.remote.service.DriverService.checkExecutable(DriverService.java:136)
	at org.openqa.selenium.remote.service.DriverService.findExecutable(DriverService.java:131)
	at org.openqa.selenium.firefox.GeckoDriverService.access$100(GeckoDriverService.java:42)
	at org.openqa.selenium.firefox.GeckoDriverService$Builder.findDefaultExecutable(GeckoDriverService.java:143)
	at org.openqa.selenium.remote.service.DriverService$Builder.build(DriverService.java:335)
	at org.openqa.selenium.firefox.FirefoxDriver.toExecutor(FirefoxDriver.java:168)
	at org.openqa.selenium.firefox.FirefoxDriver.&lt;init&gt;(FirefoxDriver.java:125)
	at org.openqa.selenium.firefox.FirefoxDriver.&lt;init&gt;(FirefoxDriver.java:103)
	at ui.FirefoxA.instantiationFunc(FirefoxA.java:15)
	at ui.FirefoxA.Test(FirefoxA.java:38)
	at java.util.ArrayList.forEach(Unknown Source)
... Removed 27 stack frames</div></td></tr></table><p class="totop"><a href="#summary">back to summary</a></p>
<h3 id="m10">ui.FirefoxA#closeDriverFunc</h3><table class="result"><tr><th>Exception</th></tr><tr><td><div class="stacktrace">java.lang.NullPointerException
	at ui.FirefoxA.closeDriverFunc(FirefoxA.java:32)
	at java.util.ArrayList.forEach(Unknown Source)
... Removed 27 stack frames</div></td></tr></table><p class="totop"><a href="#summary">back to summary</a></p>
<h3 id="m11">ui.FirefoxA#instantiationFunc</h3><table class="result"><tr><th>Exception</th></tr><tr><td><div class="stacktrace">java.lang.IllegalStateException: The driver executable does not exist: D:\WindowDrive2\WindowCompanyData\Highradius_internship\BabbaTraining5\geckodriver-v0.21.0-win64\geckodriver.exe
	at com.google.common.base.Preconditions.checkState(Preconditions.java:585)
	at org.openqa.selenium.remote.service.DriverService.checkExecutable(DriverService.java:136)
	at org.openqa.selenium.remote.service.DriverService.findExecutable(DriverService.java:131)
	at org.openqa.selenium.firefox.GeckoDriverService.access$100(GeckoDriverService.java:42)
	at org.openqa.selenium.firefox.GeckoDriverService$Builder.findDefaultExecutable(GeckoDriverService.java:143)
	at org.openqa.selenium.remote.service.DriverService$Builder.build(DriverService.java:335)
	at org.openqa.selenium.firefox.FirefoxDriver.toExecutor(FirefoxDriver.java:168)
	at org.openqa.selenium.firefox.FirefoxDriver.&lt;init&gt;(FirefoxDriver.java:125)
	at org.openqa.selenium.firefox.FirefoxDriver.&lt;init&gt;(FirefoxDriver.java:103)
	at ui.FirefoxA.instantiationFunc(FirefoxA.java:15)
	at java.util.ArrayList.forEach(Unknown Source)
... Removed 27 stack frames</div></td></tr></table><p class="totop"><a href="#summary">back to summary</a></p>
<h3 id="m12">ui.FirefoxB#Test</h3><table class="result"><tr><th>Exception</th></tr><tr><td><div class="stacktrace">java.lang.IllegalStateException: The driver executable does not exist: D:\WindowDrive2\WindowCompanyData\Highradius_internship\BabbaTraining5\geckodriver-v0.21.0-win64\geckodriver.exe
	at com.google.common.base.Preconditions.checkState(Preconditions.java:585)
	at org.openqa.selenium.remote.service.DriverService.checkExecutable(DriverService.java:136)
	at org.openqa.selenium.remote.service.DriverService.findExecutable(DriverService.java:131)
	at org.openqa.selenium.firefox.GeckoDriverService.access$100(GeckoDriverService.java:42)
	at org.openqa.selenium.firefox.GeckoDriverService$Builder.findDefaultExecutable(GeckoDriverService.java:143)
	at org.openqa.selenium.remote.service.DriverService$Builder.build(DriverService.java:335)
	at org.openqa.selenium.firefox.FirefoxDriver.toExecutor(FirefoxDriver.java:168)
	at org.openqa.selenium.firefox.FirefoxDriver.&lt;init&gt;(FirefoxDriver.java:125)
	at org.openqa.selenium.firefox.FirefoxDriver.&lt;init&gt;(FirefoxDriver.java:103)
	at ui.FirefoxB.instantiationFunc(FirefoxB.java:15)
	at ui.FirefoxB.Test(FirefoxB.java:38)
	at java.util.ArrayList.forEach(Unknown Source)
... Removed 27 stack frames</div></td></tr></table><p class="totop"><a href="#summary">back to summary</a></p>
<h3 id="m13">ui.FirefoxB#closeDriverFunc</h3><table class="result"><tr><th>Exception</th></tr><tr><td><div class="stacktrace">java.lang.NullPointerException
	at ui.FirefoxB.closeDriverFunc(FirefoxB.java:32)
	at java.util.ArrayList.forEach(Unknown Source)
... Removed 27 stack frames</div></td></tr></table><p class="totop"><a href="#summary">back to summary</a></p>
<h3 id="m14">ui.FirefoxB#instantiationFunc</h3><table class="result"><tr><th>Exception</th></tr><tr><td><div class="stacktrace">java.lang.IllegalStateException: The driver executable does not exist: D:\WindowDrive2\WindowCompanyData\Highradius_internship\BabbaTraining5\geckodriver-v0.21.0-win64\geckodriver.exe
	at com.google.common.base.Preconditions.checkState(Preconditions.java:585)
	at org.openqa.selenium.remote.service.DriverService.checkExecutable(DriverService.java:136)
	at org.openqa.selenium.remote.service.DriverService.findExecutable(DriverService.java:131)
	at org.openqa.selenium.firefox.GeckoDriverService.access$100(GeckoDriverService.java:42)
	at org.openqa.selenium.firefox.GeckoDriverService$Builder.findDefaultExecutable(GeckoDriverService.java:143)
	at org.openqa.selenium.remote.service.DriverService$Builder.build(DriverService.java:335)
	at org.openqa.selenium.firefox.FirefoxDriver.toExecutor(FirefoxDriver.java:168)
	at org.openqa.selenium.firefox.FirefoxDriver.&lt;init&gt;(FirefoxDriver.java:125)
	at org.openqa.selenium.firefox.FirefoxDriver.&lt;init&gt;(FirefoxDriver.java:103)
	at ui.FirefoxB.instantiationFunc(FirefoxB.java:15)
	at java.util.ArrayList.forEach(Unknown Source)
... Removed 27 stack frames</div></td></tr></table><p class="totop"><a href="#summary">back to summary</a></p>
<h3 id="m15">ui.FirefoxC#Test</h3><table class="result"><tr><th>Exception</th></tr><tr><td><div class="stacktrace">java.lang.IllegalStateException: The driver executable does not exist: D:\WindowDrive2\WindowCompanyData\Highradius_internship\BabbaTraining5\geckodriver-v0.21.0-win64\geckodriver.exe
	at com.google.common.base.Preconditions.checkState(Preconditions.java:585)
	at org.openqa.selenium.remote.service.DriverService.checkExecutable(DriverService.java:136)
	at org.openqa.selenium.remote.service.DriverService.findExecutable(DriverService.java:131)
	at org.openqa.selenium.firefox.GeckoDriverService.access$100(GeckoDriverService.java:42)
	at org.openqa.selenium.firefox.GeckoDriverService$Builder.findDefaultExecutable(GeckoDriverService.java:143)
	at org.openqa.selenium.remote.service.DriverService$Builder.build(DriverService.java:335)
	at org.openqa.selenium.firefox.FirefoxDriver.toExecutor(FirefoxDriver.java:168)
	at org.openqa.selenium.firefox.FirefoxDriver.&lt;init&gt;(FirefoxDriver.java:125)
	at org.openqa.selenium.firefox.FirefoxDriver.&lt;init&gt;(FirefoxDriver.java:103)
	at ui.FirefoxC.instantiationFunc(FirefoxC.java:15)
	at ui.FirefoxC.Test(FirefoxC.java:39)
	at java.util.ArrayList.forEach(Unknown Source)
... Removed 27 stack frames</div></td></tr></table><p class="totop"><a href="#summary">back to summary</a></p>
<h3 id="m16">ui.FirefoxC#closeDriverFunc</h3><table class="result"><tr><th>Exception</th></tr><tr><td><div class="stacktrace">java.lang.NullPointerException
	at ui.FirefoxC.closeDriverFunc(FirefoxC.java:32)
	at java.util.ArrayList.forEach(Unknown Source)
... Removed 27 stack frames</div></td></tr></table><p class="totop"><a href="#summary">back to summary</a></p>
<h3 id="m17">ui.FirefoxC#instantiationFunc</h3><table class="result"><tr><th>Exception</th></tr><tr><td><div class="stacktrace">java.lang.IllegalStateException: The driver executable does not exist: D:\WindowDrive2\WindowCompanyData\Highradius_internship\BabbaTraining5\geckodriver-v0.21.0-win64\geckodriver.exe
	at com.google.common.base.Preconditions.checkState(Preconditions.java:585)
	at org.openqa.selenium.remote.service.DriverService.checkExecutable(DriverService.java:136)
	at org.openqa.selenium.remote.service.DriverService.findExecutable(DriverService.java:131)
	at org.openqa.selenium.firefox.GeckoDriverService.access$100(GeckoDriverService.java:42)
	at org.openqa.selenium.firefox.GeckoDriverService$Builder.findDefaultExecutable(GeckoDriverService.java:143)
	at org.openqa.selenium.remote.service.DriverService$Builder.build(DriverService.java:335)
	at org.openqa.selenium.firefox.FirefoxDriver.toExecutor(FirefoxDriver.java:168)
	at org.openqa.selenium.firefox.FirefoxDriver.&lt;init&gt;(FirefoxDriver.java:125)
	at org.openqa.selenium.firefox.FirefoxDriver.&lt;init&gt;(FirefoxDriver.java:103)
	at ui.FirefoxC.instantiationFunc(FirefoxC.java:15)
	at java.util.ArrayList.forEach(Unknown Source)
... Removed 27 stack frames</div></td></tr></table><p class="totop"><a href="#summary">back to summary</a></p>
<h3 id="m18">ui.ChromeA#printSomethingFunc</h3><table class="result"><tr><th class="invisible"/></tr></table><p class="totop"><a href="#summary">back to summary</a></p>
<h3 id="m19">ui.ChromeB#printSomethingFunc</h3><table class="result"><tr><th class="invisible"/></tr></table><p class="totop"><a href="#summary">back to summary</a></p>
<h3 id="m20">ui.ChromeC#printSomethingFunc</h3><table class="result"><tr><th class="invisible"/></tr></table><p class="totop"><a href="#summary">back to summary</a></p>
<h3 id="m21">ui.FirefoxA#printSomethingFunc</h3><table class="result"><tr><th class="invisible"/></tr></table><p class="totop"><a href="#summary">back to summary</a></p>
<h3 id="m22">ui.FirefoxB#printSomethingFunc</h3><table class="result"><tr><th class="invisible"/></tr></table><p class="totop"><a href="#summary">back to summary</a></p>
<h3 id="m23">ui.FirefoxC#printSomethingFunc</h3><table class="result"><tr><th class="invisible"/></tr></table><p class="totop"><a href="#summary">back to summary</a></p>
</body>
</html>
