<?xml version="1.0" encoding="UTF-8"?>
<!-- Generated by org.testng.reporters.JUnitXMLReporter -->
<testsuite hostname="LAPTOP-EGSJSVC8" ignored="0" name="Test" tests="24" failures="18" timestamp="2023-10-11T23:28:24 IST" time="20.068" errors="0">
  <testcase name="instantiationFunc" time="0.084" classname="ui.FirefoxA">
    <failure type="java.lang.IllegalStateException" message="The driver executable does not exist: D:\WindowDrive2\WindowCompanyData\Highradius_internship\BabbaTraining5\geckodriver-v0.21.0-win64\geckodriver.exe">
      <![CDATA[java.lang.IllegalStateException: The driver executable does not exist: D:\WindowDrive2\WindowCompanyData\Highradius_internship\BabbaTraining5\geckodriver-v0.21.0-win64\geckodriver.exe
at com.google.common.base.Preconditions.checkState(Preconditions.java:585)
at org.openqa.selenium.remote.service.DriverService.checkExecutable(DriverService.java:136)
at org.openqa.selenium.remote.service.DriverService.findExecutable(DriverService.java:131)
at org.openqa.selenium.firefox.GeckoDriverService.access$100(GeckoDriverService.java:42)
at org.openqa.selenium.firefox.GeckoDriverService$Builder.findDefaultExecutable(GeckoDriverService.java:143)
at org.openqa.selenium.remote.service.DriverService$Builder.build(DriverService.java:335)
at org.openqa.selenium.firefox.FirefoxDriver.toExecutor(FirefoxDriver.java:168)
at org.openqa.selenium.firefox.FirefoxDriver.<init>(FirefoxDriver.java:125)
at org.openqa.selenium.firefox.FirefoxDriver.<init>(FirefoxDriver.java:103)
at ui.FirefoxA.instantiationFunc(FirefoxA.java:15)
at java.util.ArrayList.forEach(Unknown Source)
... Removed 27 stack frames]]>
    </failure>
  </testcase> <!-- instantiationFunc -->
  <testcase name="printSomethingFunc" time="0.001" classname="ui.FirefoxA"/>
  <testcase name="closeDriverFunc" time="0.0" classname="ui.FirefoxA">
    <failure type="java.lang.NullPointerException">
      <![CDATA[java.lang.NullPointerException
at ui.FirefoxA.closeDriverFunc(FirefoxA.java:32)
at java.util.ArrayList.forEach(Unknown Source)
... Removed 27 stack frames]]>
    </failure>
  </testcase> <!-- closeDriverFunc -->
  <testcase name="Test" time="0.012" classname="ui.FirefoxA">
    <failure type="java.lang.IllegalStateException" message="The driver executable does not exist: D:\WindowDrive2\WindowCompanyData\Highradius_internship\BabbaTraining5\geckodriver-v0.21.0-win64\geckodriver.exe">
      <![CDATA[java.lang.IllegalStateException: The driver executable does not exist: D:\WindowDrive2\WindowCompanyData\Highradius_internship\BabbaTraining5\geckodriver-v0.21.0-win64\geckodriver.exe
at com.google.common.base.Preconditions.checkState(Preconditions.java:585)
at org.openqa.selenium.remote.service.DriverService.checkExecutable(DriverService.java:136)
at org.openqa.selenium.remote.service.DriverService.findExecutable(DriverService.java:131)
at org.openqa.selenium.firefox.GeckoDriverService.access$100(GeckoDriverService.java:42)
at org.openqa.selenium.firefox.GeckoDriverService$Builder.findDefaultExecutable(GeckoDriverService.java:143)
at org.openqa.selenium.remote.service.DriverService$Builder.build(DriverService.java:335)
at org.openqa.selenium.firefox.FirefoxDriver.toExecutor(FirefoxDriver.java:168)
at org.openqa.selenium.firefox.FirefoxDriver.<init>(FirefoxDriver.java:125)
at org.openqa.selenium.firefox.FirefoxDriver.<init>(FirefoxDriver.java:103)
at ui.FirefoxA.instantiationFunc(FirefoxA.java:15)
at ui.FirefoxA.Test(FirefoxA.java:38)
at java.util.ArrayList.forEach(Unknown Source)
... Removed 27 stack frames]]>
    </failure>
  </testcase> <!-- Test -->
  <testcase name="instantiationFunc" time="0.011" classname="ui.FirefoxB">
    <failure type="java.lang.IllegalStateException" message="The driver executable does not exist: D:\WindowDrive2\WindowCompanyData\Highradius_internship\BabbaTraining5\geckodriver-v0.21.0-win64\geckodriver.exe">
      <![CDATA[java.lang.IllegalStateException: The driver executable does not exist: D:\WindowDrive2\WindowCompanyData\Highradius_internship\BabbaTraining5\geckodriver-v0.21.0-win64\geckodriver.exe
at com.google.common.base.Preconditions.checkState(Preconditions.java:585)
at org.openqa.selenium.remote.service.DriverService.checkExecutable(DriverService.java:136)
at org.openqa.selenium.remote.service.DriverService.findExecutable(DriverService.java:131)
at org.openqa.selenium.firefox.GeckoDriverService.access$100(GeckoDriverService.java:42)
at org.openqa.selenium.firefox.GeckoDriverService$Builder.findDefaultExecutable(GeckoDriverService.java:143)
at org.openqa.selenium.remote.service.DriverService$Builder.build(DriverService.java:335)
at org.openqa.selenium.firefox.FirefoxDriver.toExecutor(FirefoxDriver.java:168)
at org.openqa.selenium.firefox.FirefoxDriver.<init>(FirefoxDriver.java:125)
at org.openqa.selenium.firefox.FirefoxDriver.<init>(FirefoxDriver.java:103)
at ui.FirefoxB.instantiationFunc(FirefoxB.java:15)
at java.util.ArrayList.forEach(Unknown Source)
... Removed 27 stack frames]]>
    </failure>
  </testcase> <!-- instantiationFunc -->
  <testcase name="printSomethingFunc" time="0.0" classname="ui.FirefoxB"/>
  <testcase name="closeDriverFunc" time="0.001" classname="ui.FirefoxB">
    <failure type="java.lang.NullPointerException">
      <![CDATA[java.lang.NullPointerException
at ui.FirefoxB.closeDriverFunc(FirefoxB.java:32)
at java.util.ArrayList.forEach(Unknown Source)
... Removed 27 stack frames]]>
    </failure>
  </testcase> <!-- closeDriverFunc -->
  <testcase name="Test" time="0.012" classname="ui.FirefoxB">
    <failure type="java.lang.IllegalStateException" message="The driver executable does not exist: D:\WindowDrive2\WindowCompanyData\Highradius_internship\BabbaTraining5\geckodriver-v0.21.0-win64\geckodriver.exe">
      <![CDATA[java.lang.IllegalStateException: The driver executable does not exist: D:\WindowDrive2\WindowCompanyData\Highradius_internship\BabbaTraining5\geckodriver-v0.21.0-win64\geckodriver.exe
at com.google.common.base.Preconditions.checkState(Preconditions.java:585)
at org.openqa.selenium.remote.service.DriverService.checkExecutable(DriverService.java:136)
at org.openqa.selenium.remote.service.DriverService.findExecutable(DriverService.java:131)
at org.openqa.selenium.firefox.GeckoDriverService.access$100(GeckoDriverService.java:42)
at org.openqa.selenium.firefox.GeckoDriverService$Builder.findDefaultExecutable(GeckoDriverService.java:143)
at org.openqa.selenium.remote.service.DriverService$Builder.build(DriverService.java:335)
at org.openqa.selenium.firefox.FirefoxDriver.toExecutor(FirefoxDriver.java:168)
at org.openqa.selenium.firefox.FirefoxDriver.<init>(FirefoxDriver.java:125)
at org.openqa.selenium.firefox.FirefoxDriver.<init>(FirefoxDriver.java:103)
at ui.FirefoxB.instantiationFunc(FirefoxB.java:15)
at ui.FirefoxB.Test(FirefoxB.java:38)
at java.util.ArrayList.forEach(Unknown Source)
... Removed 27 stack frames]]>
    </failure>
  </testcase> <!-- Test -->
  <testcase name="instantiationFunc" time="0.012" classname="ui.FirefoxC">
    <failure type="java.lang.IllegalStateException" message="The driver executable does not exist: D:\WindowDrive2\WindowCompanyData\Highradius_internship\BabbaTraining5\geckodriver-v0.21.0-win64\geckodriver.exe">
      <![CDATA[java.lang.IllegalStateException: The driver executable does not exist: D:\WindowDrive2\WindowCompanyData\Highradius_internship\BabbaTraining5\geckodriver-v0.21.0-win64\geckodriver.exe
at com.google.common.base.Preconditions.checkState(Preconditions.java:585)
at org.openqa.selenium.remote.service.DriverService.checkExecutable(DriverService.java:136)
at org.openqa.selenium.remote.service.DriverService.findExecutable(DriverService.java:131)
at org.openqa.selenium.firefox.GeckoDriverService.access$100(GeckoDriverService.java:42)
at org.openqa.selenium.firefox.GeckoDriverService$Builder.findDefaultExecutable(GeckoDriverService.java:143)
at org.openqa.selenium.remote.service.DriverService$Builder.build(DriverService.java:335)
at org.openqa.selenium.firefox.FirefoxDriver.toExecutor(FirefoxDriver.java:168)
at org.openqa.selenium.firefox.FirefoxDriver.<init>(FirefoxDriver.java:125)
at org.openqa.selenium.firefox.FirefoxDriver.<init>(FirefoxDriver.java:103)
at ui.FirefoxC.instantiationFunc(FirefoxC.java:15)
at java.util.ArrayList.forEach(Unknown Source)
... Removed 27 stack frames]]>
    </failure>
  </testcase> <!-- instantiationFunc -->
  <testcase name="printSomethingFunc" time="0.001" classname="ui.FirefoxC"/>
  <testcase name="closeDriverFunc" time="0.001" classname="ui.FirefoxC">
    <failure type="java.lang.NullPointerException">
      <![CDATA[java.lang.NullPointerException
at ui.FirefoxC.closeDriverFunc(FirefoxC.java:32)
at java.util.ArrayList.forEach(Unknown Source)
... Removed 27 stack frames]]>
    </failure>
  </testcase> <!-- closeDriverFunc -->
  <testcase name="Test" time="0.011" classname="ui.FirefoxC">
    <failure type="java.lang.IllegalStateException" message="The driver executable does not exist: D:\WindowDrive2\WindowCompanyData\Highradius_internship\BabbaTraining5\geckodriver-v0.21.0-win64\geckodriver.exe">
      <![CDATA[java.lang.IllegalStateException: The driver executable does not exist: D:\WindowDrive2\WindowCompanyData\Highradius_internship\BabbaTraining5\geckodriver-v0.21.0-win64\geckodriver.exe
at com.google.common.base.Preconditions.checkState(Preconditions.java:585)
at org.openqa.selenium.remote.service.DriverService.checkExecutable(DriverService.java:136)
at org.openqa.selenium.remote.service.DriverService.findExecutable(DriverService.java:131)
at org.openqa.selenium.firefox.GeckoDriverService.access$100(GeckoDriverService.java:42)
at org.openqa.selenium.firefox.GeckoDriverService$Builder.findDefaultExecutable(GeckoDriverService.java:143)
at org.openqa.selenium.remote.service.DriverService$Builder.build(DriverService.java:335)
at org.openqa.selenium.firefox.FirefoxDriver.toExecutor(FirefoxDriver.java:168)
at org.openqa.selenium.firefox.FirefoxDriver.<init>(FirefoxDriver.java:125)
at org.openqa.selenium.firefox.FirefoxDriver.<init>(FirefoxDriver.java:103)
at ui.FirefoxC.instantiationFunc(FirefoxC.java:15)
at ui.FirefoxC.Test(FirefoxC.java:39)
at java.util.ArrayList.forEach(Unknown Source)
... Removed 27 stack frames]]>
    </failure>
  </testcase> <!-- Test -->
  <testcase name="instantiationFunc" time="4.224" classname="ui.ChromeA">
    <failure type="org.openqa.selenium.SessionNotCreatedException" message="session not created: This version of ChromeDriver only supports Chrome version 92
Current browser version is 117.0.5938.150 with binary path C:\Program Files (x86)\Google\Chrome\Application\chrome.exe
Build info: version: &amp;apos;3.12.0&amp;apos;, revision: &amp;apos;7c6e0b3&amp;apos;, time: &amp;apos;2018-05-08T14:04:26.12Z&amp;apos;
System info: host: &amp;apos;LAPTOP-EGSJSVC8&amp;apos;, ip: &amp;apos;192.168.29.242&amp;apos;, os.name: &amp;apos;Windows 10&amp;apos;, os.arch: &amp;apos;amd64&amp;apos;, os.version: &amp;apos;10.0&amp;apos;, java.version: &amp;apos;1.8.0_251&amp;apos;
Driver info: driver.version: ChromeDriver
remote stacktrace: Backtrace:
	Ordinal0 [0x00462A33+2501171]
	Ordinal0 [0x003FD1C1+2085313]
	Ordinal0 [0x00301FA8+1056680]
	Ordinal0 [0x0032020A+1180170]
	Ordinal0 [0x0031C125+1163557]
	Ordinal0 [0x0031997F+1153407]
	Ordinal0 [0x0034999F+1350047]
	Ordinal0 [0x0034960A+1349130]
	Ordinal0 [0x0034551B+1332507]
	Ordinal0 [0x00321D74+1187188]
	Ordinal0 [0x00322BD9+1190873]
	GetHandleVerifier [0x005DEFE6+1504438]
	GetHandleVerifier [0x0068DDA5+2220661]
	GetHandleVerifier [0x004E5589+481881]
	GetHandleVerifier [0x004E4639+477961]
	Ordinal0 [0x004028BD+2107581]
	Ordinal0 [0x00406728+2123560]
	Ordinal0 [0x00406862+2123874]
	Ordinal0 [0x0040FA81+2161281]
	BaseThreadInitThunk [0x75ABFCC9+25]
	RtlGetAppContainerNamedObjectPath [0x774F7B1E+286]
	RtlGetAppContainerNamedObjectPath [0x774F7AEE+238]
">
      <![CDATA[org.openqa.selenium.SessionNotCreatedException: session not created: This version of ChromeDriver only supports Chrome version 92
Current browser version is 117.0.5938.150 with binary path C:\Program Files (x86)\Google\Chrome\Application\chrome.exe
Build info: version: '3.12.0', revision: '7c6e0b3', time: '2018-05-08T14:04:26.12Z'
System info: host: 'LAPTOP-EGSJSVC8', ip: '192.168.29.242', os.name: 'Windows 10', os.arch: 'amd64', os.version: '10.0', java.version: '1.8.0_251'
Driver info: driver.version: ChromeDriver
remote stacktrace: Backtrace:
Ordinal0 [0x00462A33+2501171]
Ordinal0 [0x003FD1C1+2085313]
Ordinal0 [0x00301FA8+1056680]
Ordinal0 [0x0032020A+1180170]
Ordinal0 [0x0031C125+1163557]
Ordinal0 [0x0031997F+1153407]
Ordinal0 [0x0034999F+1350047]
Ordinal0 [0x0034960A+1349130]
Ordinal0 [0x0034551B+1332507]
Ordinal0 [0x00321D74+1187188]
Ordinal0 [0x00322BD9+1190873]
GetHandleVerifier [0x005DEFE6+1504438]
GetHandleVerifier [0x0068DDA5+2220661]
GetHandleVerifier [0x004E5589+481881]
GetHandleVerifier [0x004E4639+477961]
Ordinal0 [0x004028BD+2107581]
Ordinal0 [0x00406728+2123560]
Ordinal0 [0x00406862+2123874]
Ordinal0 [0x0040FA81+2161281]
BaseThreadInitThunk [0x75ABFCC9+25]
RtlGetAppContainerNamedObjectPath [0x774F7B1E+286]
RtlGetAppContainerNamedObjectPath [0x774F7AEE+238]

at org.openqa.selenium.remote.W3CHandshakeResponse.lambda$new$0(W3CHandshakeResponse.java:57)
at org.openqa.selenium.remote.W3CHandshakeResponse.lambda$getResponseFunction$2(W3CHandshakeResponse.java:104)
at org.openqa.selenium.remote.ProtocolHandshake.lambda$createSession$0(ProtocolHandshake.java:123)
at java.util.stream.ReferencePipeline$3$1.accept(Unknown Source)
at java.util.Spliterators$ArraySpliterator.tryAdvance(Unknown Source)
at java.util.stream.ReferencePipeline.forEachWithCancel(Unknown Source)
at java.util.stream.AbstractPipeline.copyIntoWithCancel(Unknown Source)
at java.util.stream.AbstractPipeline.copyInto(Unknown Source)
at java.util.stream.AbstractPipeline.wrapAndCopyInto(Unknown Source)
at java.util.stream.FindOps$FindOp.evaluateSequential(Unknown Source)
at java.util.stream.AbstractPipeline.evaluate(Unknown Source)
at java.util.stream.ReferencePipeline.findFirst(Unknown Source)
at org.openqa.selenium.remote.ProtocolHandshake.createSession(ProtocolHandshake.java:126)
at org.openqa.selenium.remote.ProtocolHandshake.createSession(ProtocolHandshake.java:73)
at org.openqa.selenium.remote.HttpCommandExecutor.execute(HttpCommandExecutor.java:136)
at org.openqa.selenium.remote.service.DriverCommandExecutor.execute(DriverCommandExecutor.java:83)
at org.openqa.selenium.remote.RemoteWebDriver.execute(RemoteWebDriver.java:543)
at org.openqa.selenium.remote.RemoteWebDriver.startSession(RemoteWebDriver.java:207)
at org.openqa.selenium.remote.RemoteWebDriver.<init>(RemoteWebDriver.java:130)
at org.openqa.selenium.chrome.ChromeDriver.<init>(ChromeDriver.java:181)
at org.openqa.selenium.chrome.ChromeDriver.<init>(ChromeDriver.java:168)
at org.openqa.selenium.chrome.ChromeDriver.<init>(ChromeDriver.java:123)
at ui.ChromeA.instantiationFunc(ChromeA.java:16)
at java.util.ArrayList.forEach(Unknown Source)
... Removed 31 stack frames]]>
    </failure>
  </testcase> <!-- instantiationFunc -->
  <testcase name="printSomethingFunc" time="0.001" classname="ui.ChromeA"/>
  <testcase name="closeDriverFunc" time="0.0" classname="ui.ChromeA">
    <failure type="java.lang.NullPointerException">
      <![CDATA[java.lang.NullPointerException
at ui.ChromeA.closeDriverFunc(ChromeA.java:34)
at java.util.ArrayList.forEach(Unknown Source)
... Removed 27 stack frames]]>
    </failure>
  </testcase> <!-- closeDriverFunc -->
  <testcase name="Test" time="3.205" classname="ui.ChromeA">
    <failure type="org.openqa.selenium.SessionNotCreatedException" message="session not created: This version of ChromeDriver only supports Chrome version 92
Current browser version is 117.0.5938.150 with binary path C:\Program Files (x86)\Google\Chrome\Application\chrome.exe
Build info: version: &amp;apos;3.12.0&amp;apos;, revision: &amp;apos;7c6e0b3&amp;apos;, time: &amp;apos;2018-05-08T14:04:26.12Z&amp;apos;
System info: host: &amp;apos;LAPTOP-EGSJSVC8&amp;apos;, ip: &amp;apos;192.168.29.242&amp;apos;, os.name: &amp;apos;Windows 10&amp;apos;, os.arch: &amp;apos;amd64&amp;apos;, os.version: &amp;apos;10.0&amp;apos;, java.version: &amp;apos;1.8.0_251&amp;apos;
Driver info: driver.version: ChromeDriver
remote stacktrace: Backtrace:
	Ordinal0 [0x00462A33+2501171]
	Ordinal0 [0x003FD1C1+2085313]
	Ordinal0 [0x00301FA8+1056680]
	Ordinal0 [0x0032020A+1180170]
	Ordinal0 [0x0031C125+1163557]
	Ordinal0 [0x0031997F+1153407]
	Ordinal0 [0x0034999F+1350047]
	Ordinal0 [0x0034960A+1349130]
	Ordinal0 [0x0034551B+1332507]
	Ordinal0 [0x00321D74+1187188]
	Ordinal0 [0x00322BD9+1190873]
	GetHandleVerifier [0x005DEFE6+1504438]
	GetHandleVerifier [0x0068DDA5+2220661]
	GetHandleVerifier [0x004E5589+481881]
	GetHandleVerifier [0x004E4639+477961]
	Ordinal0 [0x004028BD+2107581]
	Ordinal0 [0x00406728+2123560]
	Ordinal0 [0x00406862+2123874]
	Ordinal0 [0x0040FA81+2161281]
	BaseThreadInitThunk [0x75ABFCC9+25]
	RtlGetAppContainerNamedObjectPath [0x774F7B1E+286]
	RtlGetAppContainerNamedObjectPath [0x774F7AEE+238]
">
      <![CDATA[org.openqa.selenium.SessionNotCreatedException: session not created: This version of ChromeDriver only supports Chrome version 92
Current browser version is 117.0.5938.150 with binary path C:\Program Files (x86)\Google\Chrome\Application\chrome.exe
Build info: version: '3.12.0', revision: '7c6e0b3', time: '2018-05-08T14:04:26.12Z'
System info: host: 'LAPTOP-EGSJSVC8', ip: '192.168.29.242', os.name: 'Windows 10', os.arch: 'amd64', os.version: '10.0', java.version: '1.8.0_251'
Driver info: driver.version: ChromeDriver
remote stacktrace: Backtrace:
Ordinal0 [0x00462A33+2501171]
Ordinal0 [0x003FD1C1+2085313]
Ordinal0 [0x00301FA8+1056680]
Ordinal0 [0x0032020A+1180170]
Ordinal0 [0x0031C125+1163557]
Ordinal0 [0x0031997F+1153407]
Ordinal0 [0x0034999F+1350047]
Ordinal0 [0x0034960A+1349130]
Ordinal0 [0x0034551B+1332507]
Ordinal0 [0x00321D74+1187188]
Ordinal0 [0x00322BD9+1190873]
GetHandleVerifier [0x005DEFE6+1504438]
GetHandleVerifier [0x0068DDA5+2220661]
GetHandleVerifier [0x004E5589+481881]
GetHandleVerifier [0x004E4639+477961]
Ordinal0 [0x004028BD+2107581]
Ordinal0 [0x00406728+2123560]
Ordinal0 [0x00406862+2123874]
Ordinal0 [0x0040FA81+2161281]
BaseThreadInitThunk [0x75ABFCC9+25]
RtlGetAppContainerNamedObjectPath [0x774F7B1E+286]
RtlGetAppContainerNamedObjectPath [0x774F7AEE+238]

at org.openqa.selenium.remote.W3CHandshakeResponse.lambda$new$0(W3CHandshakeResponse.java:57)
at org.openqa.selenium.remote.W3CHandshakeResponse.lambda$getResponseFunction$2(W3CHandshakeResponse.java:104)
at org.openqa.selenium.remote.ProtocolHandshake.lambda$createSession$0(ProtocolHandshake.java:123)
at java.util.stream.ReferencePipeline$3$1.accept(Unknown Source)
at java.util.Spliterators$ArraySpliterator.tryAdvance(Unknown Source)
at java.util.stream.ReferencePipeline.forEachWithCancel(Unknown Source)
at java.util.stream.AbstractPipeline.copyIntoWithCancel(Unknown Source)
at java.util.stream.AbstractPipeline.copyInto(Unknown Source)
at java.util.stream.AbstractPipeline.wrapAndCopyInto(Unknown Source)
at java.util.stream.FindOps$FindOp.evaluateSequential(Unknown Source)
at java.util.stream.AbstractPipeline.evaluate(Unknown Source)
at java.util.stream.ReferencePipeline.findFirst(Unknown Source)
at org.openqa.selenium.remote.ProtocolHandshake.createSession(ProtocolHandshake.java:126)
at org.openqa.selenium.remote.ProtocolHandshake.createSession(ProtocolHandshake.java:73)
at org.openqa.selenium.remote.HttpCommandExecutor.execute(HttpCommandExecutor.java:136)
at org.openqa.selenium.remote.service.DriverCommandExecutor.execute(DriverCommandExecutor.java:83)
at org.openqa.selenium.remote.RemoteWebDriver.execute(RemoteWebDriver.java:543)
at org.openqa.selenium.remote.RemoteWebDriver.startSession(RemoteWebDriver.java:207)
at org.openqa.selenium.remote.RemoteWebDriver.<init>(RemoteWebDriver.java:130)
at org.openqa.selenium.chrome.ChromeDriver.<init>(ChromeDriver.java:181)
at org.openqa.selenium.chrome.ChromeDriver.<init>(ChromeDriver.java:168)
at org.openqa.selenium.chrome.ChromeDriver.<init>(ChromeDriver.java:123)
at ui.ChromeA.instantiationFunc(ChromeA.java:16)
at ui.ChromeA.Test(ChromeA.java:40)
at java.util.ArrayList.forEach(Unknown Source)
... Removed 31 stack frames]]>
    </failure>
  </testcase> <!-- Test -->
  <testcase name="instantiationFunc" time="3.12" classname="ui.ChromeB">
    <failure type="org.openqa.selenium.SessionNotCreatedException" message="session not created: This version of ChromeDriver only supports Chrome version 92
Current browser version is 117.0.5938.150 with binary path C:\Program Files (x86)\Google\Chrome\Application\chrome.exe
Build info: version: &amp;apos;3.12.0&amp;apos;, revision: &amp;apos;7c6e0b3&amp;apos;, time: &amp;apos;2018-05-08T14:04:26.12Z&amp;apos;
System info: host: &amp;apos;LAPTOP-EGSJSVC8&amp;apos;, ip: &amp;apos;192.168.29.242&amp;apos;, os.name: &amp;apos;Windows 10&amp;apos;, os.arch: &amp;apos;amd64&amp;apos;, os.version: &amp;apos;10.0&amp;apos;, java.version: &amp;apos;1.8.0_251&amp;apos;
Driver info: driver.version: ChromeDriver
remote stacktrace: Backtrace:
	Ordinal0 [0x00462A33+2501171]
	Ordinal0 [0x003FD1C1+2085313]
	Ordinal0 [0x00301FA8+1056680]
	Ordinal0 [0x0032020A+1180170]
	Ordinal0 [0x0031C125+1163557]
	Ordinal0 [0x0031997F+1153407]
	Ordinal0 [0x0034999F+1350047]
	Ordinal0 [0x0034960A+1349130]
	Ordinal0 [0x0034551B+1332507]
	Ordinal0 [0x00321D74+1187188]
	Ordinal0 [0x00322BD9+1190873]
	GetHandleVerifier [0x005DEFE6+1504438]
	GetHandleVerifier [0x0068DDA5+2220661]
	GetHandleVerifier [0x004E5589+481881]
	GetHandleVerifier [0x004E4639+477961]
	Ordinal0 [0x004028BD+2107581]
	Ordinal0 [0x00406728+2123560]
	Ordinal0 [0x00406862+2123874]
	Ordinal0 [0x0040FA81+2161281]
	BaseThreadInitThunk [0x75ABFCC9+25]
	RtlGetAppContainerNamedObjectPath [0x774F7B1E+286]
	RtlGetAppContainerNamedObjectPath [0x774F7AEE+238]
">
      <![CDATA[org.openqa.selenium.SessionNotCreatedException: session not created: This version of ChromeDriver only supports Chrome version 92
Current browser version is 117.0.5938.150 with binary path C:\Program Files (x86)\Google\Chrome\Application\chrome.exe
Build info: version: '3.12.0', revision: '7c6e0b3', time: '2018-05-08T14:04:26.12Z'
System info: host: 'LAPTOP-EGSJSVC8', ip: '192.168.29.242', os.name: 'Windows 10', os.arch: 'amd64', os.version: '10.0', java.version: '1.8.0_251'
Driver info: driver.version: ChromeDriver
remote stacktrace: Backtrace:
Ordinal0 [0x00462A33+2501171]
Ordinal0 [0x003FD1C1+2085313]
Ordinal0 [0x00301FA8+1056680]
Ordinal0 [0x0032020A+1180170]
Ordinal0 [0x0031C125+1163557]
Ordinal0 [0x0031997F+1153407]
Ordinal0 [0x0034999F+1350047]
Ordinal0 [0x0034960A+1349130]
Ordinal0 [0x0034551B+1332507]
Ordinal0 [0x00321D74+1187188]
Ordinal0 [0x00322BD9+1190873]
GetHandleVerifier [0x005DEFE6+1504438]
GetHandleVerifier [0x0068DDA5+2220661]
GetHandleVerifier [0x004E5589+481881]
GetHandleVerifier [0x004E4639+477961]
Ordinal0 [0x004028BD+2107581]
Ordinal0 [0x00406728+2123560]
Ordinal0 [0x00406862+2123874]
Ordinal0 [0x0040FA81+2161281]
BaseThreadInitThunk [0x75ABFCC9+25]
RtlGetAppContainerNamedObjectPath [0x774F7B1E+286]
RtlGetAppContainerNamedObjectPath [0x774F7AEE+238]

at org.openqa.selenium.remote.W3CHandshakeResponse.lambda$new$0(W3CHandshakeResponse.java:57)
at org.openqa.selenium.remote.W3CHandshakeResponse.lambda$getResponseFunction$2(W3CHandshakeResponse.java:104)
at org.openqa.selenium.remote.ProtocolHandshake.lambda$createSession$0(ProtocolHandshake.java:123)
at java.util.stream.ReferencePipeline$3$1.accept(Unknown Source)
at java.util.Spliterators$ArraySpliterator.tryAdvance(Unknown Source)
at java.util.stream.ReferencePipeline.forEachWithCancel(Unknown Source)
at java.util.stream.AbstractPipeline.copyIntoWithCancel(Unknown Source)
at java.util.stream.AbstractPipeline.copyInto(Unknown Source)
at java.util.stream.AbstractPipeline.wrapAndCopyInto(Unknown Source)
at java.util.stream.FindOps$FindOp.evaluateSequential(Unknown Source)
at java.util.stream.AbstractPipeline.evaluate(Unknown Source)
at java.util.stream.ReferencePipeline.findFirst(Unknown Source)
at org.openqa.selenium.remote.ProtocolHandshake.createSession(ProtocolHandshake.java:126)
at org.openqa.selenium.remote.ProtocolHandshake.createSession(ProtocolHandshake.java:73)
at org.openqa.selenium.remote.HttpCommandExecutor.execute(HttpCommandExecutor.java:136)
at org.openqa.selenium.remote.service.DriverCommandExecutor.execute(DriverCommandExecutor.java:83)
at org.openqa.selenium.remote.RemoteWebDriver.execute(RemoteWebDriver.java:543)
at org.openqa.selenium.remote.RemoteWebDriver.startSession(RemoteWebDriver.java:207)
at org.openqa.selenium.remote.RemoteWebDriver.<init>(RemoteWebDriver.java:130)
at org.openqa.selenium.chrome.ChromeDriver.<init>(ChromeDriver.java:181)
at org.openqa.selenium.chrome.ChromeDriver.<init>(ChromeDriver.java:168)
at org.openqa.selenium.chrome.ChromeDriver.<init>(ChromeDriver.java:123)
at ui.ChromeB.instantiationFunc(ChromeB.java:15)
at java.util.ArrayList.forEach(Unknown Source)
... Removed 31 stack frames]]>
    </failure>
  </testcase> <!-- instantiationFunc -->
  <testcase name="printSomethingFunc" time="0.001" classname="ui.ChromeB"/>
  <testcase name="closeDriverFunc" time="0.001" classname="ui.ChromeB">
    <failure type="java.lang.NullPointerException">
      <![CDATA[java.lang.NullPointerException
at ui.ChromeB.closeDriverFunc(ChromeB.java:33)
at java.util.ArrayList.forEach(Unknown Source)
... Removed 27 stack frames]]>
    </failure>
  </testcase> <!-- closeDriverFunc -->
  <testcase name="Test" time="3.098" classname="ui.ChromeB">
    <failure type="org.openqa.selenium.SessionNotCreatedException" message="session not created: This version of ChromeDriver only supports Chrome version 92
Current browser version is 117.0.5938.150 with binary path C:\Program Files (x86)\Google\Chrome\Application\chrome.exe
Build info: version: &amp;apos;3.12.0&amp;apos;, revision: &amp;apos;7c6e0b3&amp;apos;, time: &amp;apos;2018-05-08T14:04:26.12Z&amp;apos;
System info: host: &amp;apos;LAPTOP-EGSJSVC8&amp;apos;, ip: &amp;apos;192.168.29.242&amp;apos;, os.name: &amp;apos;Windows 10&amp;apos;, os.arch: &amp;apos;amd64&amp;apos;, os.version: &amp;apos;10.0&amp;apos;, java.version: &amp;apos;1.8.0_251&amp;apos;
Driver info: driver.version: ChromeDriver
remote stacktrace: Backtrace:
	Ordinal0 [0x00462A33+2501171]
	Ordinal0 [0x003FD1C1+2085313]
	Ordinal0 [0x00301FA8+1056680]
	Ordinal0 [0x0032020A+1180170]
	Ordinal0 [0x0031C125+1163557]
	Ordinal0 [0x0031997F+1153407]
	Ordinal0 [0x0034999F+1350047]
	Ordinal0 [0x0034960A+1349130]
	Ordinal0 [0x0034551B+1332507]
	Ordinal0 [0x00321D74+1187188]
	Ordinal0 [0x00322BD9+1190873]
	GetHandleVerifier [0x005DEFE6+1504438]
	GetHandleVerifier [0x0068DDA5+2220661]
	GetHandleVerifier [0x004E5589+481881]
	GetHandleVerifier [0x004E4639+477961]
	Ordinal0 [0x004028BD+2107581]
	Ordinal0 [0x00406728+2123560]
	Ordinal0 [0x00406862+2123874]
	Ordinal0 [0x0040FA81+2161281]
	BaseThreadInitThunk [0x75ABFCC9+25]
	RtlGetAppContainerNamedObjectPath [0x774F7B1E+286]
	RtlGetAppContainerNamedObjectPath [0x774F7AEE+238]
">
      <![CDATA[org.openqa.selenium.SessionNotCreatedException: session not created: This version of ChromeDriver only supports Chrome version 92
Current browser version is 117.0.5938.150 with binary path C:\Program Files (x86)\Google\Chrome\Application\chrome.exe
Build info: version: '3.12.0', revision: '7c6e0b3', time: '2018-05-08T14:04:26.12Z'
System info: host: 'LAPTOP-EGSJSVC8', ip: '192.168.29.242', os.name: 'Windows 10', os.arch: 'amd64', os.version: '10.0', java.version: '1.8.0_251'
Driver info: driver.version: ChromeDriver
remote stacktrace: Backtrace:
Ordinal0 [0x00462A33+2501171]
Ordinal0 [0x003FD1C1+2085313]
Ordinal0 [0x00301FA8+1056680]
Ordinal0 [0x0032020A+1180170]
Ordinal0 [0x0031C125+1163557]
Ordinal0 [0x0031997F+1153407]
Ordinal0 [0x0034999F+1350047]
Ordinal0 [0x0034960A+1349130]
Ordinal0 [0x0034551B+1332507]
Ordinal0 [0x00321D74+1187188]
Ordinal0 [0x00322BD9+1190873]
GetHandleVerifier [0x005DEFE6+1504438]
GetHandleVerifier [0x0068DDA5+2220661]
GetHandleVerifier [0x004E5589+481881]
GetHandleVerifier [0x004E4639+477961]
Ordinal0 [0x004028BD+2107581]
Ordinal0 [0x00406728+2123560]
Ordinal0 [0x00406862+2123874]
Ordinal0 [0x0040FA81+2161281]
BaseThreadInitThunk [0x75ABFCC9+25]
RtlGetAppContainerNamedObjectPath [0x774F7B1E+286]
RtlGetAppContainerNamedObjectPath [0x774F7AEE+238]

at org.openqa.selenium.remote.W3CHandshakeResponse.lambda$new$0(W3CHandshakeResponse.java:57)
at org.openqa.selenium.remote.W3CHandshakeResponse.lambda$getResponseFunction$2(W3CHandshakeResponse.java:104)
at org.openqa.selenium.remote.ProtocolHandshake.lambda$createSession$0(ProtocolHandshake.java:123)
at java.util.stream.ReferencePipeline$3$1.accept(Unknown Source)
at java.util.Spliterators$ArraySpliterator.tryAdvance(Unknown Source)
at java.util.stream.ReferencePipeline.forEachWithCancel(Unknown Source)
at java.util.stream.AbstractPipeline.copyIntoWithCancel(Unknown Source)
at java.util.stream.AbstractPipeline.copyInto(Unknown Source)
at java.util.stream.AbstractPipeline.wrapAndCopyInto(Unknown Source)
at java.util.stream.FindOps$FindOp.evaluateSequential(Unknown Source)
at java.util.stream.AbstractPipeline.evaluate(Unknown Source)
at java.util.stream.ReferencePipeline.findFirst(Unknown Source)
at org.openqa.selenium.remote.ProtocolHandshake.createSession(ProtocolHandshake.java:126)
at org.openqa.selenium.remote.ProtocolHandshake.createSession(ProtocolHandshake.java:73)
at org.openqa.selenium.remote.HttpCommandExecutor.execute(HttpCommandExecutor.java:136)
at org.openqa.selenium.remote.service.DriverCommandExecutor.execute(DriverCommandExecutor.java:83)
at org.openqa.selenium.remote.RemoteWebDriver.execute(RemoteWebDriver.java:543)
at org.openqa.selenium.remote.RemoteWebDriver.startSession(RemoteWebDriver.java:207)
at org.openqa.selenium.remote.RemoteWebDriver.<init>(RemoteWebDriver.java:130)
at org.openqa.selenium.chrome.ChromeDriver.<init>(ChromeDriver.java:181)
at org.openqa.selenium.chrome.ChromeDriver.<init>(ChromeDriver.java:168)
at org.openqa.selenium.chrome.ChromeDriver.<init>(ChromeDriver.java:123)
at ui.ChromeB.instantiationFunc(ChromeB.java:15)
at ui.ChromeB.Test(ChromeB.java:39)
at java.util.ArrayList.forEach(Unknown Source)
... Removed 31 stack frames]]>
    </failure>
  </testcase> <!-- Test -->
  <testcase name="instantiationFunc" time="3.096" classname="ui.ChromeC">
    <failure type="org.openqa.selenium.SessionNotCreatedException" message="session not created: This version of ChromeDriver only supports Chrome version 92
Current browser version is 117.0.5938.150 with binary path C:\Program Files (x86)\Google\Chrome\Application\chrome.exe
Build info: version: &amp;apos;3.12.0&amp;apos;, revision: &amp;apos;7c6e0b3&amp;apos;, time: &amp;apos;2018-05-08T14:04:26.12Z&amp;apos;
System info: host: &amp;apos;LAPTOP-EGSJSVC8&amp;apos;, ip: &amp;apos;192.168.29.242&amp;apos;, os.name: &amp;apos;Windows 10&amp;apos;, os.arch: &amp;apos;amd64&amp;apos;, os.version: &amp;apos;10.0&amp;apos;, java.version: &amp;apos;1.8.0_251&amp;apos;
Driver info: driver.version: ChromeDriver
remote stacktrace: Backtrace:
	Ordinal0 [0x00462A33+2501171]
	Ordinal0 [0x003FD1C1+2085313]
	Ordinal0 [0x00301FA8+1056680]
	Ordinal0 [0x0032020A+1180170]
	Ordinal0 [0x0031C125+1163557]
	Ordinal0 [0x0031997F+1153407]
	Ordinal0 [0x0034999F+1350047]
	Ordinal0 [0x0034960A+1349130]
	Ordinal0 [0x0034551B+1332507]
	Ordinal0 [0x00321D74+1187188]
	Ordinal0 [0x00322BD9+1190873]
	GetHandleVerifier [0x005DEFE6+1504438]
	GetHandleVerifier [0x0068DDA5+2220661]
	GetHandleVerifier [0x004E5589+481881]
	GetHandleVerifier [0x004E4639+477961]
	Ordinal0 [0x004028BD+2107581]
	Ordinal0 [0x00406728+2123560]
	Ordinal0 [0x00406862+2123874]
	Ordinal0 [0x0040FA81+2161281]
	BaseThreadInitThunk [0x75ABFCC9+25]
	RtlGetAppContainerNamedObjectPath [0x774F7B1E+286]
	RtlGetAppContainerNamedObjectPath [0x774F7AEE+238]
">
      <![CDATA[org.openqa.selenium.SessionNotCreatedException: session not created: This version of ChromeDriver only supports Chrome version 92
Current browser version is 117.0.5938.150 with binary path C:\Program Files (x86)\Google\Chrome\Application\chrome.exe
Build info: version: '3.12.0', revision: '7c6e0b3', time: '2018-05-08T14:04:26.12Z'
System info: host: 'LAPTOP-EGSJSVC8', ip: '192.168.29.242', os.name: 'Windows 10', os.arch: 'amd64', os.version: '10.0', java.version: '1.8.0_251'
Driver info: driver.version: ChromeDriver
remote stacktrace: Backtrace:
Ordinal0 [0x00462A33+2501171]
Ordinal0 [0x003FD1C1+2085313]
Ordinal0 [0x00301FA8+1056680]
Ordinal0 [0x0032020A+1180170]
Ordinal0 [0x0031C125+1163557]
Ordinal0 [0x0031997F+1153407]
Ordinal0 [0x0034999F+1350047]
Ordinal0 [0x0034960A+1349130]
Ordinal0 [0x0034551B+1332507]
Ordinal0 [0x00321D74+1187188]
Ordinal0 [0x00322BD9+1190873]
GetHandleVerifier [0x005DEFE6+1504438]
GetHandleVerifier [0x0068DDA5+2220661]
GetHandleVerifier [0x004E5589+481881]
GetHandleVerifier [0x004E4639+477961]
Ordinal0 [0x004028BD+2107581]
Ordinal0 [0x00406728+2123560]
Ordinal0 [0x00406862+2123874]
Ordinal0 [0x0040FA81+2161281]
BaseThreadInitThunk [0x75ABFCC9+25]
RtlGetAppContainerNamedObjectPath [0x774F7B1E+286]
RtlGetAppContainerNamedObjectPath [0x774F7AEE+238]

at org.openqa.selenium.remote.W3CHandshakeResponse.lambda$new$0(W3CHandshakeResponse.java:57)
at org.openqa.selenium.remote.W3CHandshakeResponse.lambda$getResponseFunction$2(W3CHandshakeResponse.java:104)
at org.openqa.selenium.remote.ProtocolHandshake.lambda$createSession$0(ProtocolHandshake.java:123)
at java.util.stream.ReferencePipeline$3$1.accept(Unknown Source)
at java.util.Spliterators$ArraySpliterator.tryAdvance(Unknown Source)
at java.util.stream.ReferencePipeline.forEachWithCancel(Unknown Source)
at java.util.stream.AbstractPipeline.copyIntoWithCancel(Unknown Source)
at java.util.stream.AbstractPipeline.copyInto(Unknown Source)
at java.util.stream.AbstractPipeline.wrapAndCopyInto(Unknown Source)
at java.util.stream.FindOps$FindOp.evaluateSequential(Unknown Source)
at java.util.stream.AbstractPipeline.evaluate(Unknown Source)
at java.util.stream.ReferencePipeline.findFirst(Unknown Source)
at org.openqa.selenium.remote.ProtocolHandshake.createSession(ProtocolHandshake.java:126)
at org.openqa.selenium.remote.ProtocolHandshake.createSession(ProtocolHandshake.java:73)
at org.openqa.selenium.remote.HttpCommandExecutor.execute(HttpCommandExecutor.java:136)
at org.openqa.selenium.remote.service.DriverCommandExecutor.execute(DriverCommandExecutor.java:83)
at org.openqa.selenium.remote.RemoteWebDriver.execute(RemoteWebDriver.java:543)
at org.openqa.selenium.remote.RemoteWebDriver.startSession(RemoteWebDriver.java:207)
at org.openqa.selenium.remote.RemoteWebDriver.<init>(RemoteWebDriver.java:130)
at org.openqa.selenium.chrome.ChromeDriver.<init>(ChromeDriver.java:181)
at org.openqa.selenium.chrome.ChromeDriver.<init>(ChromeDriver.java:168)
at org.openqa.selenium.chrome.ChromeDriver.<init>(ChromeDriver.java:123)
at ui.ChromeC.instantiationFunc(ChromeC.java:15)
at java.util.ArrayList.forEach(Unknown Source)
... Removed 31 stack frames]]>
    </failure>
  </testcase> <!-- instantiationFunc -->
  <testcase name="printSomethingFunc" time="0.001" classname="ui.ChromeC"/>
  <testcase name="closeDriverFunc" time="0.001" classname="ui.ChromeC">
    <failure type="java.lang.NullPointerException">
      <![CDATA[java.lang.NullPointerException
at ui.ChromeC.closeDriverFunc(ChromeC.java:33)
at java.util.ArrayList.forEach(Unknown Source)
... Removed 27 stack frames]]>
    </failure>
  </testcase> <!-- closeDriverFunc -->
  <testcase name="Test" time="3.106" classname="ui.ChromeC">
    <failure type="org.openqa.selenium.SessionNotCreatedException" message="session not created: This version of ChromeDriver only supports Chrome version 92
Current browser version is 117.0.5938.150 with binary path C:\Program Files (x86)\Google\Chrome\Application\chrome.exe
Build info: version: &amp;apos;3.12.0&amp;apos;, revision: &amp;apos;7c6e0b3&amp;apos;, time: &amp;apos;2018-05-08T14:04:26.12Z&amp;apos;
System info: host: &amp;apos;LAPTOP-EGSJSVC8&amp;apos;, ip: &amp;apos;192.168.29.242&amp;apos;, os.name: &amp;apos;Windows 10&amp;apos;, os.arch: &amp;apos;amd64&amp;apos;, os.version: &amp;apos;10.0&amp;apos;, java.version: &amp;apos;1.8.0_251&amp;apos;
Driver info: driver.version: ChromeDriver
remote stacktrace: Backtrace:
	Ordinal0 [0x00462A33+2501171]
	Ordinal0 [0x003FD1C1+2085313]
	Ordinal0 [0x00301FA8+1056680]
	Ordinal0 [0x0032020A+1180170]
	Ordinal0 [0x0031C125+1163557]
	Ordinal0 [0x0031997F+1153407]
	Ordinal0 [0x0034999F+1350047]
	Ordinal0 [0x0034960A+1349130]
	Ordinal0 [0x0034551B+1332507]
	Ordinal0 [0x00321D74+1187188]
	Ordinal0 [0x00322BD9+1190873]
	GetHandleVerifier [0x005DEFE6+1504438]
	GetHandleVerifier [0x0068DDA5+2220661]
	GetHandleVerifier [0x004E5589+481881]
	GetHandleVerifier [0x004E4639+477961]
	Ordinal0 [0x004028BD+2107581]
	Ordinal0 [0x00406728+2123560]
	Ordinal0 [0x00406862+2123874]
	Ordinal0 [0x0040FA81+2161281]
	BaseThreadInitThunk [0x75ABFCC9+25]
	RtlGetAppContainerNamedObjectPath [0x774F7B1E+286]
	RtlGetAppContainerNamedObjectPath [0x774F7AEE+238]
">
      <![CDATA[org.openqa.selenium.SessionNotCreatedException: session not created: This version of ChromeDriver only supports Chrome version 92
Current browser version is 117.0.5938.150 with binary path C:\Program Files (x86)\Google\Chrome\Application\chrome.exe
Build info: version: '3.12.0', revision: '7c6e0b3', time: '2018-05-08T14:04:26.12Z'
System info: host: 'LAPTOP-EGSJSVC8', ip: '192.168.29.242', os.name: 'Windows 10', os.arch: 'amd64', os.version: '10.0', java.version: '1.8.0_251'
Driver info: driver.version: ChromeDriver
remote stacktrace: Backtrace:
Ordinal0 [0x00462A33+2501171]
Ordinal0 [0x003FD1C1+2085313]
Ordinal0 [0x00301FA8+1056680]
Ordinal0 [0x0032020A+1180170]
Ordinal0 [0x0031C125+1163557]
Ordinal0 [0x0031997F+1153407]
Ordinal0 [0x0034999F+1350047]
Ordinal0 [0x0034960A+1349130]
Ordinal0 [0x0034551B+1332507]
Ordinal0 [0x00321D74+1187188]
Ordinal0 [0x00322BD9+1190873]
GetHandleVerifier [0x005DEFE6+1504438]
GetHandleVerifier [0x0068DDA5+2220661]
GetHandleVerifier [0x004E5589+481881]
GetHandleVerifier [0x004E4639+477961]
Ordinal0 [0x004028BD+2107581]
Ordinal0 [0x00406728+2123560]
Ordinal0 [0x00406862+2123874]
Ordinal0 [0x0040FA81+2161281]
BaseThreadInitThunk [0x75ABFCC9+25]
RtlGetAppContainerNamedObjectPath [0x774F7B1E+286]
RtlGetAppContainerNamedObjectPath [0x774F7AEE+238]

at org.openqa.selenium.remote.W3CHandshakeResponse.lambda$new$0(W3CHandshakeResponse.java:57)
at org.openqa.selenium.remote.W3CHandshakeResponse.lambda$getResponseFunction$2(W3CHandshakeResponse.java:104)
at org.openqa.selenium.remote.ProtocolHandshake.lambda$createSession$0(ProtocolHandshake.java:123)
at java.util.stream.ReferencePipeline$3$1.accept(Unknown Source)
at java.util.Spliterators$ArraySpliterator.tryAdvance(Unknown Source)
at java.util.stream.ReferencePipeline.forEachWithCancel(Unknown Source)
at java.util.stream.AbstractPipeline.copyIntoWithCancel(Unknown Source)
at java.util.stream.AbstractPipeline.copyInto(Unknown Source)
at java.util.stream.AbstractPipeline.wrapAndCopyInto(Unknown Source)
at java.util.stream.FindOps$FindOp.evaluateSequential(Unknown Source)
at java.util.stream.AbstractPipeline.evaluate(Unknown Source)
at java.util.stream.ReferencePipeline.findFirst(Unknown Source)
at org.openqa.selenium.remote.ProtocolHandshake.createSession(ProtocolHandshake.java:126)
at org.openqa.selenium.remote.ProtocolHandshake.createSession(ProtocolHandshake.java:73)
at org.openqa.selenium.remote.HttpCommandExecutor.execute(HttpCommandExecutor.java:136)
at org.openqa.selenium.remote.service.DriverCommandExecutor.execute(DriverCommandExecutor.java:83)
at org.openqa.selenium.remote.RemoteWebDriver.execute(RemoteWebDriver.java:543)
at org.openqa.selenium.remote.RemoteWebDriver.startSession(RemoteWebDriver.java:207)
at org.openqa.selenium.remote.RemoteWebDriver.<init>(RemoteWebDriver.java:130)
at org.openqa.selenium.chrome.ChromeDriver.<init>(ChromeDriver.java:181)
at org.openqa.selenium.chrome.ChromeDriver.<init>(ChromeDriver.java:168)
at org.openqa.selenium.chrome.ChromeDriver.<init>(ChromeDriver.java:123)
at ui.ChromeC.instantiationFunc(ChromeC.java:15)
at ui.ChromeC.Test(ChromeC.java:39)
at java.util.ArrayList.forEach(Unknown Source)
... Removed 31 stack frames]]>
    </failure>
  </testcase> <!-- Test -->
</testsuite> <!-- Test -->
